Using pre-set license
Built from '2020.3/staging' branch; Version is '2020.3.21f1 (a38c86f6690f) revision 10718342'; Using compiler version '192528614'; Build Type 'Release'
OS: 'Windows 10 Pro; OS build 22631.3085; Version 2009; 64bit' Language: 'en' Physical Memory: 15693 MB
BatchMode: 1, IsHumanControllingUs: 0, StartBugReporterOnCrash: 0, Is64bit: 1, IsPro: 0

COMMAND LINE ARGUMENTS:
C:\Program Files\Unity\Hub\Editor\2020.3.21f1\Editor\Unity.exe
-adb2
-batchMode
-noUpm
-name
AssetImportWorker0
-projectPath
C:/Users/prodi/Documents/University/TM/Novel
-logFile
Logs/AssetImportWorker0.log
-srvPort
63662
Successfully changed project path to: C:/Users/prodi/Documents/University/TM/Novel
C:/Users/prodi/Documents/University/TM/Novel
Using Asset Import Pipeline V2.
Refreshing native plugins compatible for Editor in 55.43 ms, found 3 plugins.
Preloading 0 native plugins for Editor in 0.00 ms.
Initialize engine version: 2020.3.21f1 (a38c86f6690f)
[Subsystems] Discovering subsystems at path C:/Program Files/Unity/Hub/Editor/2020.3.21f1/Editor/Data/Resources/UnitySubsystems
[Subsystems] Discovering subsystems at path C:/Users/prodi/Documents/University/TM/Novel/Assets
GfxDevice: creating device client; threaded=0
Direct3D:
    Version:  Direct3D 11.0 [level 11.1]
    Renderer: AMD Radeon(TM) Graphics (ID=0x164c)
    Vendor:   
    VRAM:     7846 MB
    Driver:   31.0.21905.1001
Initialize mono
Mono path[0] = 'C:/Program Files/Unity/Hub/Editor/2020.3.21f1/Editor/Data/Managed'
Mono path[1] = 'C:/Program Files/Unity/Hub/Editor/2020.3.21f1/Editor/Data/MonoBleedingEdge/lib/mono/unityjit'
Mono config path = 'C:/Program Files/Unity/Hub/Editor/2020.3.21f1/Editor/Data/MonoBleedingEdge/etc'
Using monoOptions --debugger-agent=transport=dt_socket,embedding=1,server=y,suspend=n,address=127.0.0.1:56852
Begin MonoManager ReloadAssembly
Registering precompiled unity dll's ...
Register platform support module: C:/Program Files/Unity/Hub/Editor/2020.3.21f1/Editor/Data/PlaybackEngines/WindowsStandaloneSupport/UnityEditor.WindowsStandalone.Extensions.dll
Registered in 0.001580 seconds.
Native extension for WindowsStandalone target not found
Refreshing native plugins compatible for Editor in 68.82 ms, found 3 plugins.
Preloading 0 native plugins for Editor in 0.00 ms.
Mono: successfully reloaded assembly
- Completed reload, in  1.348 seconds
Domain Reload Profiling:
	ReloadAssembly (1348ms)
		BeginReloadAssembly (65ms)
			ExecutionOrderSort (0ms)
			DisableScriptedObjects (0ms)
			BackupInstance (0ms)
			ReleaseScriptingObjects (0ms)
			CreateAndSetChildDomain (1ms)
		EndReloadAssembly (637ms)
			LoadAssemblies (63ms)
			RebuildTransferFunctionScriptingTraits (0ms)
			SetupTypeCache (208ms)
			ReleaseScriptCaches (0ms)
			RebuildScriptCaches (44ms)
			SetupLoadedEditorAssemblies (251ms)
				LogAssemblyErrors (0ms)
				InitializePlatformSupportModulesInManaged (5ms)
				SetLoadedEditorAssemblies (0ms)
				RefreshPlugins (69ms)
				BeforeProcessingInitializeOnLoad (16ms)
				ProcessInitializeOnLoadAttributes (113ms)
				ProcessInitializeOnLoadMethodAttributes (46ms)
				AfterProcessingInitializeOnLoad (0ms)
				EditorAssembliesLoaded (0ms)
			ExecutionOrderSort2 (0ms)
			AwakeInstancesAfterBackupRestoration (0ms)
Platform modules already initialized, skipping
Registering precompiled user dll's ...
Registered in 0.004210 seconds.
Begin MonoManager ReloadAssembly
Native extension for WindowsStandalone target not found
Refreshing native plugins compatible for Editor in 56.88 ms, found 3 plugins.
Preloading 0 native plugins for Editor in 0.00 ms.
Mono: successfully reloaded assembly
- Completed reload, in  1.419 seconds
Domain Reload Profiling:
	ReloadAssembly (1420ms)
		BeginReloadAssembly (180ms)
			ExecutionOrderSort (0ms)
			DisableScriptedObjects (14ms)
			BackupInstance (0ms)
			ReleaseScriptingObjects (0ms)
			CreateAndSetChildDomain (29ms)
		EndReloadAssembly (1154ms)
			LoadAssemblies (107ms)
			RebuildTransferFunctionScriptingTraits (0ms)
			SetupTypeCache (404ms)
			ReleaseScriptCaches (1ms)
			RebuildScriptCaches (67ms)
			SetupLoadedEditorAssemblies (409ms)
				LogAssemblyErrors (0ms)
				InitializePlatformSupportModulesInManaged (5ms)
				SetLoadedEditorAssemblies (0ms)
				RefreshPlugins (57ms)
				BeforeProcessingInitializeOnLoad (78ms)
				ProcessInitializeOnLoadAttributes (238ms)
				ProcessInitializeOnLoadMethodAttributes (26ms)
				AfterProcessingInitializeOnLoad (4ms)
				EditorAssembliesLoaded (0ms)
			ExecutionOrderSort2 (0ms)
			AwakeInstancesAfterBackupRestoration (7ms)
Platform modules already initialized, skipping
========================================================================
Worker process is ready to serve import requests
Launched and connected shader compiler UnityShaderCompiler.exe after 0.06 seconds
Refreshing native plugins compatible for Editor in 0.86 ms, found 3 plugins.
Preloading 0 native plugins for Editor in 0.00 ms.
Unloading 2203 Unused Serialized files (Serialized files now loaded: 0)
System memory in use before: 97.8 MB.
System memory in use after: 97.9 MB.

Unloading 28 unused Assets to reduce memory usage. Loaded Objects now: 2637.
Total: 4.908500 ms (FindLiveObjects: 0.398600 ms CreateObjectMapping: 0.120200 ms MarkObjects: 4.285100 ms  DeleteObjects: 0.102700 ms)

AssetImportParameters requested are different than current active one (requested -> active):
  custom:framework-win-MediaFoundation: 216162199b28c13a410421893ffa2e32 -> 
  custom:video-decoder-ogg-theora: a1e56fd34408186e4bbccfd4996cb3dc -> 
  custom:container-muxer-webm: aa71ff27fc2769a1b78a27578f13a17b -> 
  custom:container-demuxer-webm: 4f35f7cbe854078d1ac9338744f61a02 -> 
  custom:container-demuxer-ogg: 62fdf1f143b41e24485cea50d1cbac27 -> 
  custom:video-encoder-webm-vp8: eb34c28f22e8b96e1ab97ce403110664 -> 
  custom:video-codec-MediaFoundation-h265: 746d11721c4dcdbdad8f713fa42b33f4 -> 
  custom:video-decoder-webm-vp8: 9c59270c3fd7afecdb556c50c9e8de78 -> 
  custom:audio-decoder-ogg-vorbis: bf7c407c2cedff20999df2af8eb42d56 -> 
  custom:audio-encoder-webm-vorbis: bf7c407c2cedff20999df2af8eb42d56 -> 
========================================================================
Received Import Request.
  path: Assets/Story/Scenes/FAF_1.asset
  artifactKey: Guid(41c79893294dc1a46b99d080a10d03ed) Importer(815301076,1909f56bfc062723c751e8b465ee728b)
Start importing Assets/Story/Scenes/FAF_1.asset using Guid(41c79893294dc1a46b99d080a10d03ed) Importer(815301076,1909f56bfc062723c751e8b465ee728b)  -> (artifact id: '7e5f83fb170a220d1d44ce524594cf3a') in 0.094245 seconds 
  Import took 0.099195 seconds .

========================================================================
Received Import Request.
  Time since last request: 8.116673 seconds.
  path: Assets/Story/Scenes/FAF_INTRO_UNI.asset
  artifactKey: Guid(39eae8a17a1b92241926997161d849c2) Importer(815301076,1909f56bfc062723c751e8b465ee728b)
Start importing Assets/Story/Scenes/FAF_INTRO_UNI.asset using Guid(39eae8a17a1b92241926997161d849c2) Importer(815301076,1909f56bfc062723c751e8b465ee728b)  -> (artifact id: '1bdc036a027a0a08a517489275f2e905') in 0.010174 seconds 
  Import took 0.014547 seconds .

========================================================================
Received Prepare
Refreshing native plugins compatible for Editor in 3.58 ms, found 3 plugins.
Preloading 0 native plugins for Editor in 0.00 ms.
Unloading 15 Unused Serialized files (Serialized files now loaded: 0)
System memory in use before: 53.0 MB.
System memory in use after: 53.1 MB.

Unloading 15 unused Assets to reduce memory usage. Loaded Objects now: 2637.
Total: 4.525700 ms (FindLiveObjects: 0.305500 ms CreateObjectMapping: 0.105600 ms MarkObjects: 4.087000 ms  DeleteObjects: 0.025600 ms)

AssetImportParameters requested are different than current active one (requested -> active):
  custom:framework-win-MediaFoundation: 216162199b28c13a410421893ffa2e32 -> 
  custom:video-decoder-ogg-theora: a1e56fd34408186e4bbccfd4996cb3dc -> 
  custom:container-muxer-webm: aa71ff27fc2769a1b78a27578f13a17b -> 
  custom:container-demuxer-webm: 4f35f7cbe854078d1ac9338744f61a02 -> 
  custom:container-demuxer-ogg: 62fdf1f143b41e24485cea50d1cbac27 -> 
  custom:video-encoder-webm-vp8: eb34c28f22e8b96e1ab97ce403110664 -> 
  custom:video-codec-MediaFoundation-h265: 746d11721c4dcdbdad8f713fa42b33f4 -> 
  custom:video-decoder-webm-vp8: 9c59270c3fd7afecdb556c50c9e8de78 -> 
  custom:audio-decoder-ogg-vorbis: bf7c407c2cedff20999df2af8eb42d56 -> 
  custom:audio-encoder-webm-vorbis: bf7c407c2cedff20999df2af8eb42d56 -> 
========================================================================
Received Import Request.
  Time since last request: 39.758189 seconds.
  path: Assets/Story/Scenes/FAF_FIRST_FIGHT_BOSTAN.asset
  artifactKey: Guid(d0382a4e0263a9e4996b74c24b0471ad) Importer(815301076,1909f56bfc062723c751e8b465ee728b)
Start importing Assets/Story/Scenes/FAF_FIRST_FIGHT_BOSTAN.asset using Guid(d0382a4e0263a9e4996b74c24b0471ad) Importer(815301076,1909f56bfc062723c751e8b465ee728b)  -> (artifact id: 'b0160c8cbf48837b84033ed6ef0b2233') in 0.011400 seconds 
  Import took 0.016562 seconds .

========================================================================
Received Import Request.
  Time since last request: 0.647939 seconds.
  path: Assets/Story/Scenes/Examen2.asset
  artifactKey: Guid(df6a83e4eb3407746bdb0406df1e4355) Importer(815301076,1909f56bfc062723c751e8b465ee728b)
Start importing Assets/Story/Scenes/Examen2.asset using Guid(df6a83e4eb3407746bdb0406df1e4355) Importer(815301076,1909f56bfc062723c751e8b465ee728b)  -> (artifact id: 'c43826d32f547f05653ce43fd683c283') in 0.007946 seconds 
  Import took 0.012291 seconds .

========================================================================
Received Prepare
Registering precompiled user dll's ...
Registered in 0.003083 seconds.
Begin MonoManager ReloadAssembly
Native extension for WindowsStandalone target not found
Refreshing native plugins compatible for Editor in 0.58 ms, found 3 plugins.
Preloading 0 native plugins for Editor in 0.00 ms.
Mono: successfully reloaded assembly
- Completed reload, in  0.976 seconds
Domain Reload Profiling:
	ReloadAssembly (976ms)
		BeginReloadAssembly (111ms)
			ExecutionOrderSort (0ms)
			DisableScriptedObjects (5ms)
			BackupInstance (0ms)
			ReleaseScriptingObjects (0ms)
			CreateAndSetChildDomain (35ms)
		EndReloadAssembly (811ms)
			LoadAssemblies (76ms)
			RebuildTransferFunctionScriptingTraits (0ms)
			SetupTypeCache (277ms)
			ReleaseScriptCaches (1ms)
			RebuildScriptCaches (39ms)
			SetupLoadedEditorAssemblies (305ms)
				LogAssemblyErrors (0ms)
				InitializePlatformSupportModulesInManaged (5ms)
				SetLoadedEditorAssemblies (0ms)
				RefreshPlugins (1ms)
				BeforeProcessingInitializeOnLoad (70ms)
				ProcessInitializeOnLoadAttributes (213ms)
				ProcessInitializeOnLoadMethodAttributes (12ms)
				AfterProcessingInitializeOnLoad (4ms)
				EditorAssembliesLoaded (0ms)
			ExecutionOrderSort2 (0ms)
			AwakeInstancesAfterBackupRestoration (9ms)
Platform modules already initialized, skipping
Refreshing native plugins compatible for Editor in 0.58 ms, found 3 plugins.
Preloading 0 native plugins for Editor in 0.00 ms.
Unloading 2179 Unused Serialized files (Serialized files now loaded: 0)
System memory in use before: 95.9 MB.
System memory in use after: 96.0 MB.

Unloading 17 unused Assets to reduce memory usage. Loaded Objects now: 2639.
Total: 3.582500 ms (FindLiveObjects: 0.238300 ms CreateObjectMapping: 0.053900 ms MarkObjects: 3.259700 ms  DeleteObjects: 0.028600 ms)

AssetImportParameters requested are different than current active one (requested -> active):
  custom:framework-win-MediaFoundation: 216162199b28c13a410421893ffa2e32 -> 
  custom:video-decoder-ogg-theora: a1e56fd34408186e4bbccfd4996cb3dc -> 
  custom:container-muxer-webm: aa71ff27fc2769a1b78a27578f13a17b -> 
  custom:container-demuxer-webm: 4f35f7cbe854078d1ac9338744f61a02 -> 
  custom:container-demuxer-ogg: 62fdf1f143b41e24485cea50d1cbac27 -> 
  custom:video-encoder-webm-vp8: eb34c28f22e8b96e1ab97ce403110664 -> 
  custom:video-codec-MediaFoundation-h265: 746d11721c4dcdbdad8f713fa42b33f4 -> 
  custom:video-decoder-webm-vp8: 9c59270c3fd7afecdb556c50c9e8de78 -> 
  custom:audio-decoder-ogg-vorbis: bf7c407c2cedff20999df2af8eb42d56 -> 
  custom:audio-encoder-webm-vorbis: bf7c407c2cedff20999df2af8eb42d56 -> 
========================================================================
Received Prepare
Registering precompiled user dll's ...
Registered in 0.005036 seconds.
Begin MonoManager ReloadAssembly
Native extension for WindowsStandalone target not found
Refreshing native plugins compatible for Editor in 1.18 ms, found 3 plugins.
Preloading 0 native plugins for Editor in 0.00 ms.
Mono: successfully reloaded assembly
- Completed reload, in  1.398 seconds
Domain Reload Profiling:
	ReloadAssembly (1399ms)
		BeginReloadAssembly (170ms)
			ExecutionOrderSort (0ms)
			DisableScriptedObjects (9ms)
			BackupInstance (0ms)
			ReleaseScriptingObjects (0ms)
			CreateAndSetChildDomain (63ms)
		EndReloadAssembly (1151ms)
			LoadAssemblies (155ms)
			RebuildTransferFunctionScriptingTraits (0ms)
			SetupTypeCache (416ms)
			ReleaseScriptCaches (2ms)
			RebuildScriptCaches (58ms)
			SetupLoadedEditorAssemblies (407ms)
				LogAssemblyErrors (0ms)
				InitializePlatformSupportModulesInManaged (6ms)
				SetLoadedEditorAssemblies (1ms)
				RefreshPlugins (1ms)
				BeforeProcessingInitializeOnLoad (99ms)
				ProcessInitializeOnLoadAttributes (281ms)
				ProcessInitializeOnLoadMethodAttributes (14ms)
				AfterProcessingInitializeOnLoad (5ms)
				EditorAssembliesLoaded (0ms)
			ExecutionOrderSort2 (0ms)
			AwakeInstancesAfterBackupRestoration (10ms)
Platform modules already initialized, skipping
Refreshing native plugins compatible for Editor in 0.74 ms, found 3 plugins.
Preloading 0 native plugins for Editor in 0.00 ms.
Unloading 2179 Unused Serialized files (Serialized files now loaded: 0)
System memory in use before: 95.9 MB.
System memory in use after: 96.0 MB.

Unloading 17 unused Assets to reduce memory usage. Loaded Objects now: 2641.
Total: 5.518800 ms (FindLiveObjects: 0.534700 ms CreateObjectMapping: 0.061300 ms MarkObjects: 4.894300 ms  DeleteObjects: 0.025900 ms)

AssetImportParameters requested are different than current active one (requested -> active):
  custom:framework-win-MediaFoundation: 216162199b28c13a410421893ffa2e32 -> 
  custom:video-decoder-ogg-theora: a1e56fd34408186e4bbccfd4996cb3dc -> 
  custom:container-muxer-webm: aa71ff27fc2769a1b78a27578f13a17b -> 
  custom:container-demuxer-webm: 4f35f7cbe854078d1ac9338744f61a02 -> 
  custom:container-demuxer-ogg: 62fdf1f143b41e24485cea50d1cbac27 -> 
  custom:video-encoder-webm-vp8: eb34c28f22e8b96e1ab97ce403110664 -> 
  custom:video-codec-MediaFoundation-h265: 746d11721c4dcdbdad8f713fa42b33f4 -> 
  custom:video-decoder-webm-vp8: 9c59270c3fd7afecdb556c50c9e8de78 -> 
  custom:audio-decoder-ogg-vorbis: bf7c407c2cedff20999df2af8eb42d56 -> 
  custom:audio-encoder-webm-vorbis: bf7c407c2cedff20999df2af8eb42d56 -> 
========================================================================
Received Import Request.
  Time since last request: 231.747593 seconds.
  path: Assets/Story/Scenes/5HACKTHON_SKIPSCHI.asset
  artifactKey: Guid(1121312c3ab26384c97b343260dfa601) Importer(815301076,1909f56bfc062723c751e8b465ee728b)
Start importing Assets/Story/Scenes/5HACKTHON_SKIPSCHI.asset using Guid(1121312c3ab26384c97b343260dfa601) Importer(815301076,1909f56bfc062723c751e8b465ee728b)  -> (artifact id: '9f0170e08d31a70cee9546e7cf88b014') in 0.022140 seconds 
  Import took 0.026128 seconds .

========================================================================
Received Import Request.
  Time since last request: 17.417252 seconds.
  path: Assets/Story/Scenes/2.asset
  artifactKey: Guid(5a227718f9adde8459ae4099f6eafac6) Importer(815301076,1909f56bfc062723c751e8b465ee728b)
Start importing Assets/Story/Scenes/2.asset using Guid(5a227718f9adde8459ae4099f6eafac6) Importer(815301076,1909f56bfc062723c751e8b465ee728b)  -> (artifact id: '9f3bbb837a3c14a0f1b25ddb6e3f3836') in 0.030785 seconds 
  Import took 0.035672 seconds .

========================================================================
Received Import Request.
  Time since last request: 23.469479 seconds.
  path: Assets/Story/Speakers/Clasemetes.asset
  artifactKey: Guid(03f762deccb125a458ea3845016a3bd6) Importer(815301076,1909f56bfc062723c751e8b465ee728b)
Start importing Assets/Story/Speakers/Clasemetes.asset using Guid(03f762deccb125a458ea3845016a3bd6) Importer(815301076,1909f56bfc062723c751e8b465ee728b)  -> (artifact id: '9d06d2e808eaa3f6e85eaf13f0021487') in 0.003250 seconds 
  Import took 0.006537 seconds .

========================================================================
Received Import Request.
  Time since last request: 0.000431 seconds.
  path: Assets/Story/Speakers/Steward.asset
  artifactKey: Guid(138face8ce496814c99919f58673d829) Importer(815301076,1909f56bfc062723c751e8b465ee728b)
Start importing Assets/Story/Speakers/Steward.asset using Guid(138face8ce496814c99919f58673d829) Importer(815301076,1909f56bfc062723c751e8b465ee728b)  -> (artifact id: 'e5516bdaacd0b8d7beb5abba7c76714e') in 0.009685 seconds 
  Import took 0.013480 seconds .

========================================================================
Received Import Request.
  Time since last request: 0.000261 seconds.
  path: Assets/Story/Speakers/Juan.asset
  artifactKey: Guid(eddfe009b49d3484d8dfb5498d6a2f17) Importer(815301076,1909f56bfc062723c751e8b465ee728b)
Start importing Assets/Story/Speakers/Juan.asset using Guid(eddfe009b49d3484d8dfb5498d6a2f17) Importer(815301076,1909f56bfc062723c751e8b465ee728b)  -> (artifact id: '8b7e8bb37fbe49f92445fc38b1ccbba4') in 0.009819 seconds 
  Import took 0.013338 seconds .

========================================================================
Received Import Request.
  Time since last request: 0.000307 seconds.
  path: Assets/Story/Speakers/Vanea.asset
  artifactKey: Guid(755db819ff1a2ea4aa12594b5b3997b8) Importer(815301076,1909f56bfc062723c751e8b465ee728b)
Start importing Assets/Story/Speakers/Vanea.asset using Guid(755db819ff1a2ea4aa12594b5b3997b8) Importer(815301076,1909f56bfc062723c751e8b465ee728b)  -> (artifact id: 'd250ce51e9afc8420b2ee9d54314b7ea') in 0.009772 seconds 
  Import took 0.014312 seconds .

========================================================================
Received Import Request.
  Time since last request: 0.000344 seconds.
  path: Assets/Story/Speakers/Vasea.asset
  artifactKey: Guid(591ba6516e65b6c418841602a34b2897) Importer(815301076,1909f56bfc062723c751e8b465ee728b)
Start importing Assets/Story/Speakers/Vasea.asset using Guid(591ba6516e65b6c418841602a34b2897) Importer(815301076,1909f56bfc062723c751e8b465ee728b)  -> (artifact id: '247ee802334e3f53e329bc288a73a9da') in 0.009179 seconds 
  Import took 0.012995 seconds .

========================================================================
Received Import Request.
  Time since last request: 9.074526 seconds.
  path: Assets/Story/Choose/2FAF_CHOICE.asset
  artifactKey: Guid(28170b7e36cb5f142a38aa1e921eaf85) Importer(815301076,1909f56bfc062723c751e8b465ee728b)
Start importing Assets/Story/Choose/2FAF_CHOICE.asset using Guid(28170b7e36cb5f142a38aa1e921eaf85) Importer(815301076,1909f56bfc062723c751e8b465ee728b)  -> (artifact id: 'f3e9cbf64a24ad6bce736848e5a22fb3') in 0.009715 seconds 
  Import took 0.014046 seconds .

========================================================================
Received Import Request.
  Time since last request: 4.236824 seconds.
  path: Assets/Story/Scenes/1.asset
  artifactKey: Guid(8157eee26ed449e4180b2df48a5f5257) Importer(815301076,1909f56bfc062723c751e8b465ee728b)
Start importing Assets/Story/Scenes/1.asset using Guid(8157eee26ed449e4180b2df48a5f5257) Importer(815301076,1909f56bfc062723c751e8b465ee728b)  -> (artifact id: '9b4fc747f3c08d545da7bc9ccf7874d7') in 0.022748 seconds 
  Import took 0.028362 seconds .

========================================================================
Received Import Request.
  Time since last request: 1.535075 seconds.
  path: Assets/Story/Scenes/2FAF_DO_HW.asset
  artifactKey: Guid(122ee37445bcdfd4f8887f2a8ddce3db) Importer(815301076,1909f56bfc062723c751e8b465ee728b)
Start importing Assets/Story/Scenes/2FAF_DO_HW.asset using Guid(122ee37445bcdfd4f8887f2a8ddce3db) Importer(815301076,1909f56bfc062723c751e8b465ee728b)  -> (artifact id: 'de4d80b9eb80584da7962bce0cd8d3c0') in 0.013661 seconds 
  Import took 0.017727 seconds .

========================================================================
Received Import Request.
  Time since last request: 1.692519 seconds.
  path: Assets/Story/Scenes/2FAF_GAIN.asset
  artifactKey: Guid(a9d16228f85dbfa49b7ad10929c73251) Importer(815301076,1909f56bfc062723c751e8b465ee728b)
Start importing Assets/Story/Scenes/2FAF_GAIN.asset using Guid(a9d16228f85dbfa49b7ad10929c73251) Importer(815301076,1909f56bfc062723c751e8b465ee728b)  -> (artifact id: '5e2b5e366f1106499a7f90063c1962e7') in 0.014782 seconds 
  Import took 0.021137 seconds .

========================================================================
Received Import Request.
  Time since last request: 0.848565 seconds.
  path: Assets/Story/Scenes/2FAF_HOME.asset
  artifactKey: Guid(9baf77162c4044546bb71239e305d066) Importer(815301076,1909f56bfc062723c751e8b465ee728b)
Start importing Assets/Story/Scenes/2FAF_HOME.asset using Guid(9baf77162c4044546bb71239e305d066) Importer(815301076,1909f56bfc062723c751e8b465ee728b)  -> (artifact id: '2a97fa1bc07662bca3cfa1a7a83e5fc1') in 0.017293 seconds 
  Import took 0.021678 seconds .

========================================================================
Received Import Request.
  Time since last request: 0.846279 seconds.
  path: Assets/Story/Scenes/2FAF_IMPRESS_STEWARD.asset
  artifactKey: Guid(422c741b8acffd14e9b7f0444a46f529) Importer(815301076,1909f56bfc062723c751e8b465ee728b)
Start importing Assets/Story/Scenes/2FAF_IMPRESS_STEWARD.asset using Guid(422c741b8acffd14e9b7f0444a46f529) Importer(815301076,1909f56bfc062723c751e8b465ee728b)  -> (artifact id: 'd28b2f369926ea6a0d82c2ebe2ce6916') in 0.012464 seconds 
  Import took 0.016644 seconds .

========================================================================
Received Import Request.
  Time since last request: 2.718583 seconds.
  path: Assets/Story/Scenes/2FAF_LOSE_STRESS.asset
  artifactKey: Guid(907b34409160be94ab00f41537543312) Importer(815301076,1909f56bfc062723c751e8b465ee728b)
Start importing Assets/Story/Scenes/2FAF_LOSE_STRESS.asset using Guid(907b34409160be94ab00f41537543312) Importer(815301076,1909f56bfc062723c751e8b465ee728b)  -> (artifact id: 'a4e52c0f278bb63125c7e2783a8e3054') in 0.015500 seconds 
  Import took 0.030016 seconds .

========================================================================
Received Import Request.
  Time since last request: 8.219067 seconds.
  path: Assets/Story/Scenes/2FAF_PLAY_GAMES.asset
  artifactKey: Guid(6ccdb40ea01c9d64f9612287c4487ac1) Importer(815301076,1909f56bfc062723c751e8b465ee728b)
Start importing Assets/Story/Scenes/2FAF_PLAY_GAMES.asset using Guid(6ccdb40ea01c9d64f9612287c4487ac1) Importer(815301076,1909f56bfc062723c751e8b465ee728b)  -> (artifact id: '7eb336d14c89f6d468d069b1710e5f54') in 0.013297 seconds 
  Import took 0.017609 seconds .

========================================================================
Received Import Request.
  Time since last request: 3.058121 seconds.
  path: Assets/Story/Scenes/2FAF_RESTANTA.asset
  artifactKey: Guid(a61a47fd5bfa0f044a5a3cb0cd32fea6) Importer(815301076,1909f56bfc062723c751e8b465ee728b)
Start importing Assets/Story/Scenes/2FAF_RESTANTA.asset using Guid(a61a47fd5bfa0f044a5a3cb0cd32fea6) Importer(815301076,1909f56bfc062723c751e8b465ee728b)  -> (artifact id: '0e845becb9d713372585c57a7153b051') in 0.013603 seconds 
  Import took 0.017837 seconds .

========================================================================
Received Import Request.
  Time since last request: 0.958627 seconds.
  path: Assets/Story/Scenes/2FAF_WATCH_MOTIVATION.asset
  artifactKey: Guid(03019c14a92c03e4cb59468930531c85) Importer(815301076,1909f56bfc062723c751e8b465ee728b)
Start importing Assets/Story/Scenes/2FAF_WATCH_MOTIVATION.asset using Guid(03019c14a92c03e4cb59468930531c85) Importer(815301076,1909f56bfc062723c751e8b465ee728b)  -> (artifact id: '6f7f015cc2106267073fdbb1b6143aa2') in 0.015283 seconds 
  Import took 0.019831 seconds .

========================================================================
Received Import Request.
  Time since last request: 0.959776 seconds.
  path: Assets/Story/Scenes/3FAF_FIGHT_BOSTAN.asset
  artifactKey: Guid(b2d1d9785cff3d547b7fec7dd4973cc1) Importer(815301076,1909f56bfc062723c751e8b465ee728b)
Start importing Assets/Story/Scenes/3FAF_FIGHT_BOSTAN.asset using Guid(b2d1d9785cff3d547b7fec7dd4973cc1) Importer(815301076,1909f56bfc062723c751e8b465ee728b)  -> (artifact id: 'd4f364a6d9f5282982ddc894747a9f59') in 0.004412 seconds 
  Import took 0.009532 seconds .

========================================================================
Received Import Request.
  Time since last request: 2.091167 seconds.
  path: Assets/Story/Scenes/3FAF_JOB.asset
  artifactKey: Guid(16814fbdfb6110d42bd3dcf2cea34024) Importer(815301076,1909f56bfc062723c751e8b465ee728b)
Start importing Assets/Story/Scenes/3FAF_JOB.asset using Guid(16814fbdfb6110d42bd3dcf2cea34024) Importer(815301076,1909f56bfc062723c751e8b465ee728b)  -> (artifact id: 'e031770c3729377caf1093d299d0bed9') in 0.006932 seconds 
  Import took 0.011596 seconds .

========================================================================
Received Import Request.
  Time since last request: 1.414958 seconds.
  path: Assets/Story/Scenes/3FAF_JOIN_JUAN_GROUP.asset
  artifactKey: Guid(51fc9739f5dff8d479d853c708dd8087) Importer(815301076,1909f56bfc062723c751e8b465ee728b)
Start importing Assets/Story/Scenes/3FAF_JOIN_JUAN_GROUP.asset using Guid(51fc9739f5dff8d479d853c708dd8087) Importer(815301076,1909f56bfc062723c751e8b465ee728b)  -> (artifact id: 'db2c41d3a9f0551d89c2b6bb909f8b56') in 0.013625 seconds 
  Import took 0.018180 seconds .

========================================================================
Received Import Request.
  Time since last request: 1.648609 seconds.
  path: Assets/Story/Scenes/3FAF_JUAN_ENDING.asset
  artifactKey: Guid(8526d184ed8c088468731fbe8e65cf1b) Importer(815301076,1909f56bfc062723c751e8b465ee728b)
Start importing Assets/Story/Scenes/3FAF_JUAN_ENDING.asset using Guid(8526d184ed8c088468731fbe8e65cf1b) Importer(815301076,1909f56bfc062723c751e8b465ee728b)  -> (artifact id: '381783f8a3139843457048238863ff32') in 0.004138 seconds 
  Import took 0.008655 seconds .

========================================================================
Received Import Request.
  Time since last request: 2.775167 seconds.
  path: Assets/Story/Scenes/3FAF_JUAN_HELPS.asset
  artifactKey: Guid(ec4ec481b526fcf4b9a28f3ced3d686e) Importer(815301076,1909f56bfc062723c751e8b465ee728b)
Start importing Assets/Story/Scenes/3FAF_JUAN_HELPS.asset using Guid(ec4ec481b526fcf4b9a28f3ced3d686e) Importer(815301076,1909f56bfc062723c751e8b465ee728b)  -> (artifact id: 'cd4ec712f2fed96ab6122ac0be39b1fb') in 0.012877 seconds 
  Import took 0.017517 seconds .

========================================================================
Received Import Request.
  Time since last request: 1.621154 seconds.
  path: Assets/Story/Scenes/3FAF_PASS.asset
  artifactKey: Guid(ff4cf110fc26d4747994001cd8dffedb) Importer(815301076,1909f56bfc062723c751e8b465ee728b)
Start importing Assets/Story/Scenes/3FAF_PASS.asset using Guid(ff4cf110fc26d4747994001cd8dffedb) Importer(815301076,1909f56bfc062723c751e8b465ee728b)  -> (artifact id: '1014a6c45a7d5db0cd6c43d08578ce49') in 0.004345 seconds 
  Import took 0.008596 seconds .

========================================================================
Received Import Request.
  Time since last request: 1.171143 seconds.
  path: Assets/Story/Scenes/3FAF_PROJECTS.asset
  artifactKey: Guid(c709ec0fe7732334a93cb08585af9e6d) Importer(815301076,1909f56bfc062723c751e8b465ee728b)
Start importing Assets/Story/Scenes/3FAF_PROJECTS.asset using Guid(c709ec0fe7732334a93cb08585af9e6d) Importer(815301076,1909f56bfc062723c751e8b465ee728b)  -> (artifact id: 'a0a3e56e09237168d0cba2fdb340b10f') in 0.010871 seconds 
  Import took 0.015176 seconds .

========================================================================
Received Import Request.
  Time since last request: 1.243617 seconds.
  path: Assets/Story/Scenes/3FAF_TALK_JUAN.asset
  artifactKey: Guid(401fc78bd82d85a46b4cea0c4d99c74d) Importer(815301076,1909f56bfc062723c751e8b465ee728b)
Start importing Assets/Story/Scenes/3FAF_TALK_JUAN.asset using Guid(401fc78bd82d85a46b4cea0c4d99c74d) Importer(815301076,1909f56bfc062723c751e8b465ee728b)  -> (artifact id: 'f0cafedf0c42d11abedf9547760f0185') in 0.005865 seconds 
  Import took 0.010403 seconds .

========================================================================
Received Import Request.
  Time since last request: 1.761753 seconds.
  path: Assets/Story/Scenes/4FAF_BAD.asset
  artifactKey: Guid(6c54ff5da150b6b4db5d38d8350440a5) Importer(815301076,1909f56bfc062723c751e8b465ee728b)
Start importing Assets/Story/Scenes/4FAF_BAD.asset using Guid(6c54ff5da150b6b4db5d38d8350440a5) Importer(815301076,1909f56bfc062723c751e8b465ee728b)  -> (artifact id: '2ef0a9253f836c596fcf354784f68b05') in 0.011986 seconds 
  Import took 0.016962 seconds .

========================================================================
Received Import Request.
  Time since last request: 1.393286 seconds.
  path: Assets/Story/Scenes/4FAF_BAD_1.asset
  artifactKey: Guid(7f57ad802d7a45d4883ad5e95a9409f9) Importer(815301076,1909f56bfc062723c751e8b465ee728b)
Start importing Assets/Story/Scenes/4FAF_BAD_1.asset using Guid(7f57ad802d7a45d4883ad5e95a9409f9) Importer(815301076,1909f56bfc062723c751e8b465ee728b)  -> (artifact id: '1b1b5baad9908bfbfb22b151edc337c4') in 0.010978 seconds 
  Import took 0.015449 seconds .

========================================================================
Received Import Request.
  Time since last request: 1.161804 seconds.
  path: Assets/Story/Scenes/4FAF_BAD_2.asset
  artifactKey: Guid(6079e25178277be4195ce4e83b56325a) Importer(815301076,1909f56bfc062723c751e8b465ee728b)
Start importing Assets/Story/Scenes/4FAF_BAD_2.asset using Guid(6079e25178277be4195ce4e83b56325a) Importer(815301076,1909f56bfc062723c751e8b465ee728b)  -> (artifact id: '4f302b8fcf73c5c4196bee24017d49e2') in 0.004113 seconds 
  Import took 0.008181 seconds .

========================================================================
Received Import Request.
  Time since last request: 1.457960 seconds.
  path: Assets/Story/Scenes/4FAF_CANIBAL_ENDING.asset
  artifactKey: Guid(3686f6c98b079474d8470607eb17239b) Importer(815301076,1909f56bfc062723c751e8b465ee728b)
Start importing Assets/Story/Scenes/4FAF_CANIBAL_ENDING.asset using Guid(3686f6c98b079474d8470607eb17239b) Importer(815301076,1909f56bfc062723c751e8b465ee728b)  -> (artifact id: '2074402ac913855ec20c23f5660600cd') in 0.012303 seconds 
  Import took 0.027440 seconds .

========================================================================
Received Import Request.
  Time since last request: 17.004245 seconds.
  path: Assets/Story/Scenes/4FAF_GOOD.asset
  artifactKey: Guid(4ab71cf5a6f591840b000d4216481f21) Importer(815301076,1909f56bfc062723c751e8b465ee728b)
Start importing Assets/Story/Scenes/4FAF_GOOD.asset using Guid(4ab71cf5a6f591840b000d4216481f21) Importer(815301076,1909f56bfc062723c751e8b465ee728b)  -> (artifact id: 'b6b3960aac8ee087ce7386858da53788') in 0.010266 seconds 
  Import took 0.014594 seconds .

========================================================================
Received Import Request.
  Time since last request: 1.327041 seconds.
  path: Assets/Story/Scenes/4FAF_GOOD_1.asset
  artifactKey: Guid(1a87177180eaad44e98417b2066e7267) Importer(815301076,1909f56bfc062723c751e8b465ee728b)
Start importing Assets/Story/Scenes/4FAF_GOOD_1.asset using Guid(1a87177180eaad44e98417b2066e7267) Importer(815301076,1909f56bfc062723c751e8b465ee728b)  -> (artifact id: 'e7735e14f01d5a74963a5a5f8fafb273') in 0.019321 seconds 
  Import took 0.023937 seconds .

========================================================================
Received Import Request.
  Time since last request: 1.633716 seconds.
  path: Assets/Story/Scenes/4FAF_START_PBL.asset
  artifactKey: Guid(d646111bfc035ed47bbd89a67cae3861) Importer(815301076,1909f56bfc062723c751e8b465ee728b)
Start importing Assets/Story/Scenes/4FAF_START_PBL.asset using Guid(d646111bfc035ed47bbd89a67cae3861) Importer(815301076,1909f56bfc062723c751e8b465ee728b)  -> (artifact id: '4c0371a75be77a5f9a56f51247d88c61') in 0.016303 seconds 
  Import took 0.020498 seconds .

========================================================================
Received Import Request.
  Time since last request: 1.426479 seconds.
  path: Assets/Story/Scenes/5HACHOTN_STEWARD_COMES.asset
  artifactKey: Guid(ab8a6a85e0e49bb48a3cb4c41c166b8c) Importer(815301076,1909f56bfc062723c751e8b465ee728b)
Start importing Assets/Story/Scenes/5HACHOTN_STEWARD_COMES.asset using Guid(ab8a6a85e0e49bb48a3cb4c41c166b8c) Importer(815301076,1909f56bfc062723c751e8b465ee728b)  -> (artifact id: '9caad4181813fc4d72cb654848ea9c8b') in 0.017028 seconds 
  Import took 0.021460 seconds .

========================================================================
Received Import Request.
  Time since last request: 1.783419 seconds.
  path: Assets/Story/Scenes/5HACKTHON.asset
  artifactKey: Guid(da93b1e88d674be4e8e36b8c3aa8f4f0) Importer(815301076,1909f56bfc062723c751e8b465ee728b)
Start importing Assets/Story/Scenes/5HACKTHON.asset using Guid(da93b1e88d674be4e8e36b8c3aa8f4f0) Importer(815301076,1909f56bfc062723c751e8b465ee728b)  -> (artifact id: '2294d1386a8c53afdec3cf86d00d04e0') in 0.018914 seconds 
  Import took 0.034335 seconds .

========================================================================
Received Import Request.
  Time since last request: 3.068560 seconds.
  path: Assets/Story/Scenes/5HACKTHON_STEWARD.asset
  artifactKey: Guid(c21f204973f15fd47acef51e02af918b) Importer(815301076,1909f56bfc062723c751e8b465ee728b)
Start importing Assets/Story/Scenes/5HACKTHON_STEWARD.asset using Guid(c21f204973f15fd47acef51e02af918b) Importer(815301076,1909f56bfc062723c751e8b465ee728b)  -> (artifact id: '8e43e93d534551b3ea0eeff790fab830') in 0.012364 seconds 
  Import took 0.016631 seconds .

========================================================================
Received Import Request.
  Time since last request: 2.487036 seconds.
  path: Assets/Story/Scenes/5hACKTHON_VASEA.asset
  artifactKey: Guid(404318cd1ac0f4e4b89a7ffe2f6f9a7e) Importer(815301076,1909f56bfc062723c751e8b465ee728b)
Start importing Assets/Story/Scenes/5hACKTHON_VASEA.asset using Guid(404318cd1ac0f4e4b89a7ffe2f6f9a7e) Importer(815301076,1909f56bfc062723c751e8b465ee728b)  -> (artifact id: '201af7402db1dcea38163a72be4db905') in 0.016189 seconds 
  Import took 0.020587 seconds .

========================================================================
Received Import Request.
  Time since last request: 1.872929 seconds.
  path: Assets/Story/Scenes/6BOSTAN.asset
  artifactKey: Guid(d781d35e894b9c44e86ee0172045df9b) Importer(815301076,1909f56bfc062723c751e8b465ee728b)
Start importing Assets/Story/Scenes/6BOSTAN.asset using Guid(d781d35e894b9c44e86ee0172045df9b) Importer(815301076,1909f56bfc062723c751e8b465ee728b)  -> (artifact id: '7d697e82a09d21216a9ed88908dec112') in 0.023148 seconds 
  Import took 0.027429 seconds .

========================================================================
Received Import Request.
  Time since last request: 1.399474 seconds.
  path: Assets/Story/Scenes/6KILLS.asset
  artifactKey: Guid(753da268399a9c541ae4cfe18b528b5d) Importer(815301076,1909f56bfc062723c751e8b465ee728b)
Start importing Assets/Story/Scenes/6KILLS.asset using Guid(753da268399a9c541ae4cfe18b528b5d) Importer(815301076,1909f56bfc062723c751e8b465ee728b)  -> (artifact id: 'a15da41317e3e13f0f0fbbb3c70d1d8b') in 0.011915 seconds 
  Import took 0.015831 seconds .

========================================================================
Received Import Request.
  Time since last request: 1.318303 seconds.
  path: Assets/Story/Scenes/6LAUGH.asset
  artifactKey: Guid(979c76bdf2b2583428a1f28c08adb76b) Importer(815301076,1909f56bfc062723c751e8b465ee728b)
Start importing Assets/Story/Scenes/6LAUGH.asset using Guid(979c76bdf2b2583428a1f28c08adb76b) Importer(815301076,1909f56bfc062723c751e8b465ee728b)  -> (artifact id: '6342e628b7d0beaa21b508a131e3b492') in 0.010270 seconds 
  Import took 0.014341 seconds .

========================================================================
Received Import Request.
  Time since last request: 60.773180 seconds.
  path: Assets/Story/Choose/4FAF_CHOICE_TEAMATES.asset
  artifactKey: Guid(331698ac373a0a84fbabf90708506d92) Importer(815301076,1909f56bfc062723c751e8b465ee728b)
Start importing Assets/Story/Choose/4FAF_CHOICE_TEAMATES.asset using Guid(331698ac373a0a84fbabf90708506d92) Importer(815301076,1909f56bfc062723c751e8b465ee728b)  -> (artifact id: '0aefc224a5cab88b43cf649bb985d3cc') in 0.005001 seconds 
  Import took 0.009140 seconds .

========================================================================
Received Import Request.
  Time since last request: 0.000443 seconds.
  path: Assets/Story/Scenes/7EXAM.asset
  artifactKey: Guid(61a0e943bf1f1174fbaf8d2727186ea0) Importer(815301076,1909f56bfc062723c751e8b465ee728b)
Start importing Assets/Story/Scenes/7EXAM.asset using Guid(61a0e943bf1f1174fbaf8d2727186ea0) Importer(815301076,1909f56bfc062723c751e8b465ee728b)  -> (artifact id: '09e0b73e2cd40498f59eb6cf981a1fde') in 0.016870 seconds 
  Import took 0.021461 seconds .

========================================================================
Received Import Request.
  Time since last request: 0.000267 seconds.
  path: Assets/Story/Scenes/7VASEA.asset
  artifactKey: Guid(46f4531fae2fa46428e61f71c2aa2206) Importer(815301076,1909f56bfc062723c751e8b465ee728b)
Start importing Assets/Story/Scenes/7VASEA.asset using Guid(46f4531fae2fa46428e61f71c2aa2206) Importer(815301076,1909f56bfc062723c751e8b465ee728b)  -> (artifact id: '4ffb2bab15cef1b0666ebb8ea94d16a5') in 0.006597 seconds 
  Import took 0.010899 seconds .

========================================================================
Received Import Request.
  Time since last request: 0.000332 seconds.
  path: Assets/Story/Choose/6BOSTAN_JOKE.asset
  artifactKey: Guid(481ad04ce8d03a84d93fa71b0f14c4d2) Importer(815301076,1909f56bfc062723c751e8b465ee728b)
Start importing Assets/Story/Choose/6BOSTAN_JOKE.asset using Guid(481ad04ce8d03a84d93fa71b0f14c4d2) Importer(815301076,1909f56bfc062723c751e8b465ee728b)  -> (artifact id: '79bd88e4247204c1a8401b60a164d738') in 0.014060 seconds 
  Import took 0.028404 seconds .

========================================================================
Received Import Request.
  Time since last request: 0.000500 seconds.
  path: Assets/Story/Choose/5HACKTHON_CHOICE.asset
  artifactKey: Guid(64bb104f628b86b4f80f9687fe2c029c) Importer(815301076,1909f56bfc062723c751e8b465ee728b)
Start importing Assets/Story/Choose/5HACKTHON_CHOICE.asset using Guid(64bb104f628b86b4f80f9687fe2c029c) Importer(815301076,1909f56bfc062723c751e8b465ee728b)  -> (artifact id: '940fbe749290e8dcc40e961ba41bdf5d') in 0.017270 seconds 
  Import took 0.021596 seconds .

========================================================================
Received Import Request.
  Time since last request: 0.000331 seconds.
  path: Assets/Story/Scenes/7EXAM_EXPECTATIONS.asset
  artifactKey: Guid(d43bcb771c341714d92410e7688cc166) Importer(815301076,1909f56bfc062723c751e8b465ee728b)
Start importing Assets/Story/Scenes/7EXAM_EXPECTATIONS.asset using Guid(d43bcb771c341714d92410e7688cc166) Importer(815301076,1909f56bfc062723c751e8b465ee728b)  -> (artifact id: '1b06e04077b59831737f0242c17e68f0') in 0.012942 seconds 
  Import took 0.017059 seconds .

========================================================================
Received Import Request.
  Time since last request: 0.000336 seconds.
  path: Assets/Story/Choose/7EXAM_CHOICE.asset
  artifactKey: Guid(8c4550a3dadba41499433c4d1c4fee73) Importer(815301076,1909f56bfc062723c751e8b465ee728b)
Start importing Assets/Story/Choose/7EXAM_CHOICE.asset using Guid(8c4550a3dadba41499433c4d1c4fee73) Importer(815301076,1909f56bfc062723c751e8b465ee728b)  -> (artifact id: '356a388857fe12a4439bfd45948aeb9b') in 0.007825 seconds 
  Import took 0.011716 seconds .

========================================================================
Received Import Request.
  Time since last request: 4.198270 seconds.
  path: Assets/Story/Scenes/7christofor.asset
  artifactKey: Guid(44cde88dafd2a6840b2d6fca73676639) Importer(815301076,1909f56bfc062723c751e8b465ee728b)
Start importing Assets/Story/Scenes/7christofor.asset using Guid(44cde88dafd2a6840b2d6fca73676639) Importer(815301076,1909f56bfc062723c751e8b465ee728b)  -> (artifact id: 'eed12f27b35b8246996a1c602086d818') in 0.008241 seconds 
  Import took 0.012509 seconds .

========================================================================
Received Import Request.
  Time since last request: 15.132230 seconds.
  path: Assets/Story/Scenes/8BuyVaseaBewar.asset
  artifactKey: Guid(c727a9ab2df7de24685fa5d1748fef80) Importer(815301076,1909f56bfc062723c751e8b465ee728b)
Start importing Assets/Story/Scenes/8BuyVaseaBewar.asset using Guid(c727a9ab2df7de24685fa5d1748fef80) Importer(815301076,1909f56bfc062723c751e8b465ee728b)  -> (artifact id: '4126b0aee25c74a078e0913061c69860') in 0.005910 seconds 
  Import took 0.014052 seconds .

========================================================================
Received Import Request.
  Time since last request: 1.700155 seconds.
  path: Assets/Story/Scenes/7YOURSEFL.asset
  artifactKey: Guid(0713140e316f9bc4580d91181aacc91d) Importer(815301076,1909f56bfc062723c751e8b465ee728b)
Start importing Assets/Story/Scenes/7YOURSEFL.asset using Guid(0713140e316f9bc4580d91181aacc91d) Importer(815301076,1909f56bfc062723c751e8b465ee728b)  -> (artifact id: '47e30263012eb04550272e850a4f59e3') in 0.016329 seconds 
  Import took 0.020744 seconds .

========================================================================
Received Import Request.
  Time since last request: 2.508427 seconds.
  path: Assets/Story/Scenes/8CONFESS_STEWARD.asset
  artifactKey: Guid(04b1a99c70f56b248878f8e13b257955) Importer(815301076,1909f56bfc062723c751e8b465ee728b)
Start importing Assets/Story/Scenes/8CONFESS_STEWARD.asset using Guid(04b1a99c70f56b248878f8e13b257955) Importer(815301076,1909f56bfc062723c751e8b465ee728b)  -> (artifact id: 'fa6450fbc43551cd88b42ee44b0d97e0') in 0.004836 seconds 
  Import took 0.009340 seconds .

========================================================================
Received Import Request.
  Time since last request: 1.419559 seconds.
  path: Assets/Story/Scenes/8FAIL.asset
  artifactKey: Guid(cb49d28b5e048624a9e398530d7ceef2) Importer(815301076,1909f56bfc062723c751e8b465ee728b)
Start importing Assets/Story/Scenes/8FAIL.asset using Guid(cb49d28b5e048624a9e398530d7ceef2) Importer(815301076,1909f56bfc062723c751e8b465ee728b)  -> (artifact id: '8b127eafb36db9459ed3a4b2693f9685') in 0.011624 seconds 
  Import took 0.016490 seconds .

========================================================================
Received Import Request.
  Time since last request: 1.164717 seconds.
  path: Assets/Story/Scenes/8PASS.asset
  artifactKey: Guid(37abf72caad1d3e4ab9c84933aa25ccc) Importer(815301076,1909f56bfc062723c751e8b465ee728b)
Start importing Assets/Story/Scenes/8PASS.asset using Guid(37abf72caad1d3e4ab9c84933aa25ccc) Importer(815301076,1909f56bfc062723c751e8b465ee728b)  -> (artifact id: 'aa146d57f058e0f85c64b4604a544242') in 0.006864 seconds 
  Import took 0.010796 seconds .

========================================================================
Received Import Request.
  Time since last request: 1.796524 seconds.
  path: Assets/Story/Scenes/Bac.asset
  artifactKey: Guid(3aec68948431f7649ae1093856d48da1) Importer(815301076,1909f56bfc062723c751e8b465ee728b)
Start importing Assets/Story/Scenes/Bac.asset using Guid(3aec68948431f7649ae1093856d48da1) Importer(815301076,1909f56bfc062723c751e8b465ee728b)  -> (artifact id: 'e2d823cac53e08a0b3a7f78f2e8785d7') in 0.023887 seconds 
  Import took 0.029456 seconds .

========================================================================
Received Import Request.
  Time since last request: 2.276937 seconds.
  path: Assets/Story/Scenes/DEAD_ENDING.asset
  artifactKey: Guid(d7009fabe3080f84286638befcb7ca8d) Importer(815301076,1909f56bfc062723c751e8b465ee728b)
Start importing Assets/Story/Scenes/DEAD_ENDING.asset using Guid(d7009fabe3080f84286638befcb7ca8d) Importer(815301076,1909f56bfc062723c751e8b465ee728b)  -> (artifact id: '273d4b7ad94e83ea4b623899dfb94a98') in 0.011846 seconds 
  Import took 0.027787 seconds .

========================================================================
Received Import Request.
  Time since last request: 6.242286 seconds.
  path: Assets/Story/Scenes/FAF_MEET_BOSTAN.asset
  artifactKey: Guid(6a5b66ba79a1e7d4694641d8ffec0e7a) Importer(815301076,1909f56bfc062723c751e8b465ee728b)
Start importing Assets/Story/Scenes/FAF_MEET_BOSTAN.asset using Guid(6a5b66ba79a1e7d4694641d8ffec0e7a) Importer(815301076,1909f56bfc062723c751e8b465ee728b)  -> (artifact id: '0911e8f5deb08cd73370759da803bc8d') in 0.016963 seconds 
  Import took 0.032950 seconds .

========================================================================
Received Import Request.
  Time since last request: 1.110361 seconds.
  path: Assets/Story/Scenes/FAF_MENTOR_APPEARS.asset
  artifactKey: Guid(1580e1bfad5455341a2b389be1f0f8c5) Importer(815301076,1909f56bfc062723c751e8b465ee728b)
Start importing Assets/Story/Scenes/FAF_MENTOR_APPEARS.asset using Guid(1580e1bfad5455341a2b389be1f0f8c5) Importer(815301076,1909f56bfc062723c751e8b465ee728b)  -> (artifact id: '4554f5f6adf8bff3d6bb1bd5b399ade6') in 0.023597 seconds 
  Import took 0.028423 seconds .

========================================================================
Received Import Request.
  Time since last request: 1.007776 seconds.
  path: Assets/Story/Scenes/FAF_STEWARD.asset
  artifactKey: Guid(73494f884ac93b14484dcb91346930c1) Importer(815301076,1909f56bfc062723c751e8b465ee728b)
Start importing Assets/Story/Scenes/FAF_STEWARD.asset using Guid(73494f884ac93b14484dcb91346930c1) Importer(815301076,1909f56bfc062723c751e8b465ee728b)  -> (artifact id: '48e6443288cfcaba9124946b8e533086') in 0.017061 seconds 
  Import took 0.021820 seconds .

========================================================================
Received Import Request.
  Time since last request: 1.407460 seconds.
  path: Assets/Story/Scenes/FAF_XFAF.asset
  artifactKey: Guid(b0aab7718d6a74249b1a94157de07615) Importer(815301076,1909f56bfc062723c751e8b465ee728b)
Start importing Assets/Story/Scenes/FAF_XFAF.asset using Guid(b0aab7718d6a74249b1a94157de07615) Importer(815301076,1909f56bfc062723c751e8b465ee728b)  -> (artifact id: 'f22425467c31ab0ec90e9329871c235f') in 0.018394 seconds 
  Import took 0.022950 seconds .

========================================================================
Received Import Request.
  Time since last request: 1.278103 seconds.
  path: Assets/Story/Scenes/HighSchool_Play.asset
  artifactKey: Guid(3a10d83471fe1ab45ab493048673822e) Importer(815301076,1909f56bfc062723c751e8b465ee728b)
Start importing Assets/Story/Scenes/HighSchool_Play.asset using Guid(3a10d83471fe1ab45ab493048673822e) Importer(815301076,1909f56bfc062723c751e8b465ee728b)  -> (artifact id: '141f776905eadf50cab99ee8e3d8832a') in 0.018348 seconds 
  Import took 0.023119 seconds .

========================================================================
Received Import Request.
  Time since last request: 1.235763 seconds.
  path: Assets/Story/Scenes/HUMILIATING_ENDING.asset
  artifactKey: Guid(3b8d2522fd11d0945ad1cfe3142375fa) Importer(815301076,1909f56bfc062723c751e8b465ee728b)
Start importing Assets/Story/Scenes/HUMILIATING_ENDING.asset using Guid(3b8d2522fd11d0945ad1cfe3142375fa) Importer(815301076,1909f56bfc062723c751e8b465ee728b)  -> (artifact id: '19f098eecdee424faff46e598da9458f') in 0.013037 seconds 
  Import took 0.018050 seconds .

========================================================================
Received Import Request.
  Time since last request: 6.285302 seconds.
  path: Assets/Story/Scenes/LGBT_ENDING.asset
  artifactKey: Guid(45ac9583167f12d408b358d0752788d2) Importer(815301076,1909f56bfc062723c751e8b465ee728b)
Start importing Assets/Story/Scenes/LGBT_ENDING.asset using Guid(45ac9583167f12d408b358d0752788d2) Importer(815301076,1909f56bfc062723c751e8b465ee728b)  -> (artifact id: 'a10659b644ac8e95511c01cd5f29ddf2') in 0.011021 seconds 
  Import took 0.015502 seconds .

========================================================================
Received Import Request.
  Time since last request: 1.428430 seconds.
  path: Assets/Story/Scenes/STEWARD_ENDING.asset
  artifactKey: Guid(b053e417e3bb6dd4990a277da73e6769) Importer(815301076,1909f56bfc062723c751e8b465ee728b)
Start importing Assets/Story/Scenes/STEWARD_ENDING.asset using Guid(b053e417e3bb6dd4990a277da73e6769) Importer(815301076,1909f56bfc062723c751e8b465ee728b)  -> (artifact id: 'a591adc34d85b9fbfe6438856920ce38') in 0.011338 seconds 
  Import took 0.026744 seconds .

========================================================================
Received Import Request.
  Time since last request: 2.420930 seconds.
  path: Assets/Story/Scenes/TI_1.asset
  artifactKey: Guid(1d37ccb94ef18b147993af2f0a3a9d49) Importer(815301076,1909f56bfc062723c751e8b465ee728b)
Start importing Assets/Story/Scenes/TI_1.asset using Guid(1d37ccb94ef18b147993af2f0a3a9d49) Importer(815301076,1909f56bfc062723c751e8b465ee728b)  -> (artifact id: 'd635ce46a7845a842f45e55e6f66732a') in 0.006831 seconds 
  Import took 0.011168 seconds .

========================================================================
Received Import Request.
  Time since last request: 1.106449 seconds.
  path: Assets/Story/Scenes/TI_bear.asset
  artifactKey: Guid(79bb3766deae9db45a5818de4227ea76) Importer(815301076,1909f56bfc062723c751e8b465ee728b)
Start importing Assets/Story/Scenes/TI_bear.asset using Guid(79bb3766deae9db45a5818de4227ea76) Importer(815301076,1909f56bfc062723c751e8b465ee728b)  -> (artifact id: '6572841d1c15bdad81110d32adba1ccc') in 0.010736 seconds 
  Import took 0.014683 seconds .

========================================================================
Received Import Request.
  Time since last request: 1.130965 seconds.
  path: Assets/Story/Scenes/TI_EXAM.asset
  artifactKey: Guid(f1d88569e42c43e4e8450d9a92956013) Importer(815301076,1909f56bfc062723c751e8b465ee728b)
Start importing Assets/Story/Scenes/TI_EXAM.asset using Guid(f1d88569e42c43e4e8450d9a92956013) Importer(815301076,1909f56bfc062723c751e8b465ee728b)  -> (artifact id: 'a7273d4d119e7542de256ada0e4dd7c7') in 0.012870 seconds 
  Import took 0.017230 seconds .

========================================================================
Received Import Request.
  Time since last request: 1.862496 seconds.
  path: Assets/Story/Scenes/TI_END_DAY.asset
  artifactKey: Guid(7bc2cc8368b492542906daaeb6f1339d) Importer(815301076,1909f56bfc062723c751e8b465ee728b)
Start importing Assets/Story/Scenes/TI_END_DAY.asset using Guid(7bc2cc8368b492542906daaeb6f1339d) Importer(815301076,1909f56bfc062723c751e8b465ee728b)  -> (artifact id: 'df4cdba27d9e047d4938f1766312330f') in 0.004285 seconds 
  Import took 0.008358 seconds .

========================================================================
Received Import Request.
  Time since last request: 9.673174 seconds.
  path: Assets/Story/Scenes/TI_Intro_University.asset
  artifactKey: Guid(114821359562a9746978013aded3261b) Importer(815301076,1909f56bfc062723c751e8b465ee728b)
Start importing Assets/Story/Scenes/TI_Intro_University.asset using Guid(114821359562a9746978013aded3261b) Importer(815301076,1909f56bfc062723c751e8b465ee728b)  -> (artifact id: 'abc134fdcebd35556e0db2b600055f28') in 0.005887 seconds 
  Import took 0.021732 seconds .

========================================================================
Received Import Request.
  Time since last request: 1.860506 seconds.
  path: Assets/Story/Scenes/TI_Intrumar.asset
  artifactKey: Guid(fa12e7d705597054aba0701fa364ffab) Importer(815301076,1909f56bfc062723c751e8b465ee728b)
Start importing Assets/Story/Scenes/TI_Intrumar.asset using Guid(fa12e7d705597054aba0701fa364ffab) Importer(815301076,1909f56bfc062723c751e8b465ee728b)  -> (artifact id: 'f476256d611a343bb60908133a87d6fc') in 0.012556 seconds 
  Import took 0.016836 seconds .

========================================================================
Received Import Request.
  Time since last request: 1.146862 seconds.
  path: Assets/Story/Scenes/TI_sleep.asset
  artifactKey: Guid(0f97e805691d30b4d8b3e21e39e0933b) Importer(815301076,1909f56bfc062723c751e8b465ee728b)
Start importing Assets/Story/Scenes/TI_sleep.asset using Guid(0f97e805691d30b4d8b3e21e39e0933b) Importer(815301076,1909f56bfc062723c751e8b465ee728b)  -> (artifact id: '0f9a33e087eeb2a0efb9fe110fcbca72') in 0.011019 seconds 
  Import took 0.014925 seconds .

========================================================================
Received Import Request.
  Time since last request: 1.209695 seconds.
  path: Assets/Story/Scenes/TI_UNI_DAY.asset
  artifactKey: Guid(953e781595003f446b249f7b404e275d) Importer(815301076,1909f56bfc062723c751e8b465ee728b)
Start importing Assets/Story/Scenes/TI_UNI_DAY.asset using Guid(953e781595003f446b249f7b404e275d) Importer(815301076,1909f56bfc062723c751e8b465ee728b)  -> (artifact id: '0b2ec9764ce4edc03e93050e7181ab9b') in 0.010925 seconds 
  Import took 0.015284 seconds .

========================================================================
Received Import Request.
  Time since last request: 48.042446 seconds.
  path: Assets/Story/Choose/TI_chose.asset
  artifactKey: Guid(e10b2edd2e032b84b9b9cb30d6beb969) Importer(815301076,1909f56bfc062723c751e8b465ee728b)
Start importing Assets/Story/Choose/TI_chose.asset using Guid(e10b2edd2e032b84b9b9cb30d6beb969) Importer(815301076,1909f56bfc062723c751e8b465ee728b)  -> (artifact id: '8c0aa3fb8dfd3ea07a9ce04eb84b0177') in 0.013241 seconds 
  Import took 0.016866 seconds .

========================================================================
Received Import Request.
  Time since last request: 0.000426 seconds.
  path: Assets/Story/Choose/TI_or_FAF.asset
  artifactKey: Guid(c44ed766b3ad0f840aa8a78f4bdadc98) Importer(815301076,1909f56bfc062723c751e8b465ee728b)
Start importing Assets/Story/Choose/TI_or_FAF.asset using Guid(c44ed766b3ad0f840aa8a78f4bdadc98) Importer(815301076,1909f56bfc062723c751e8b465ee728b)  -> (artifact id: '0fb17e99b0cb0fc0b918d64f7c776f42') in 0.017681 seconds 
  Import took 0.021882 seconds .

========================================================================
Received Import Request.
  Time since last request: 5.507083 seconds.
  path: Assets/Story/Scenes/VASEA_ENDING.asset
  artifactKey: Guid(126a98924b7222143b2f8bc1e0f650ea) Importer(815301076,1909f56bfc062723c751e8b465ee728b)
Start importing Assets/Story/Scenes/VASEA_ENDING.asset using Guid(126a98924b7222143b2f8bc1e0f650ea) Importer(815301076,1909f56bfc062723c751e8b465ee728b)  -> (artifact id: '36ab9249534958b6a1ba834120eacb27') in 0.011038 seconds 
  Import took 0.015154 seconds .

========================================================================
Received Prepare
Registering precompiled user dll's ...
Registered in 0.003157 seconds.
Begin MonoManager ReloadAssembly
Native extension for WindowsStandalone target not found
Refreshing native plugins compatible for Editor in 0.58 ms, found 3 plugins.
Preloading 0 native plugins for Editor in 0.00 ms.
Mono: successfully reloaded assembly
- Completed reload, in  1.004 seconds
Domain Reload Profiling:
	ReloadAssembly (1004ms)
		BeginReloadAssembly (98ms)
			ExecutionOrderSort (0ms)
			DisableScriptedObjects (5ms)
			BackupInstance (0ms)
			ReleaseScriptingObjects (0ms)
			CreateAndSetChildDomain (37ms)
		EndReloadAssembly (854ms)
			LoadAssemblies (75ms)
			RebuildTransferFunctionScriptingTraits (0ms)
			SetupTypeCache (284ms)
			ReleaseScriptCaches (1ms)
			RebuildScriptCaches (43ms)
			SetupLoadedEditorAssemblies (333ms)
				LogAssemblyErrors (0ms)
				InitializePlatformSupportModulesInManaged (4ms)
				SetLoadedEditorAssemblies (0ms)
				RefreshPlugins (1ms)
				BeforeProcessingInitializeOnLoad (78ms)
				ProcessInitializeOnLoadAttributes (230ms)
				ProcessInitializeOnLoadMethodAttributes (14ms)
				AfterProcessingInitializeOnLoad (6ms)
				EditorAssembliesLoaded (0ms)
			ExecutionOrderSort2 (0ms)
			AwakeInstancesAfterBackupRestoration (14ms)
Platform modules already initialized, skipping
Refreshing native plugins compatible for Editor in 0.80 ms, found 3 plugins.
Preloading 0 native plugins for Editor in 0.00 ms.
Unloading 2179 Unused Serialized files (Serialized files now loaded: 0)
System memory in use before: 96.1 MB.
System memory in use after: 96.2 MB.

Unloading 17 unused Assets to reduce memory usage. Loaded Objects now: 2643.
Total: 4.473500 ms (FindLiveObjects: 0.268300 ms CreateObjectMapping: 0.056900 ms MarkObjects: 4.118600 ms  DeleteObjects: 0.027400 ms)

AssetImportParameters requested are different than current active one (requested -> active):
  custom:framework-win-MediaFoundation: 216162199b28c13a410421893ffa2e32 -> 
  custom:video-decoder-ogg-theora: a1e56fd34408186e4bbccfd4996cb3dc -> 
  custom:container-muxer-webm: aa71ff27fc2769a1b78a27578f13a17b -> 
  custom:container-demuxer-webm: 4f35f7cbe854078d1ac9338744f61a02 -> 
  custom:container-demuxer-ogg: 62fdf1f143b41e24485cea50d1cbac27 -> 
  custom:video-encoder-webm-vp8: eb34c28f22e8b96e1ab97ce403110664 -> 
  custom:video-codec-MediaFoundation-h265: 746d11721c4dcdbdad8f713fa42b33f4 -> 
  custom:video-decoder-webm-vp8: 9c59270c3fd7afecdb556c50c9e8de78 -> 
  custom:audio-decoder-ogg-vorbis: bf7c407c2cedff20999df2af8eb42d56 -> 
  custom:audio-encoder-webm-vorbis: bf7c407c2cedff20999df2af8eb42d56 -> 
========================================================================
Received Prepare
Registering precompiled user dll's ...
Registered in 0.004992 seconds.
Begin MonoManager ReloadAssembly
Native extension for WindowsStandalone target not found
Refreshing native plugins compatible for Editor in 0.70 ms, found 3 plugins.
Preloading 0 native plugins for Editor in 0.00 ms.
Mono: successfully reloaded assembly
- Completed reload, in  1.352 seconds
Domain Reload Profiling:
	ReloadAssembly (1353ms)
		BeginReloadAssembly (148ms)
			ExecutionOrderSort (0ms)
			DisableScriptedObjects (7ms)
			BackupInstance (0ms)
			ReleaseScriptingObjects (0ms)
			CreateAndSetChildDomain (53ms)
		EndReloadAssembly (1127ms)
			LoadAssemblies (108ms)
			RebuildTransferFunctionScriptingTraits (0ms)
			SetupTypeCache (395ms)
			ReleaseScriptCaches (1ms)
			RebuildScriptCaches (53ms)
			SetupLoadedEditorAssemblies (423ms)
				LogAssemblyErrors (0ms)
				InitializePlatformSupportModulesInManaged (7ms)
				SetLoadedEditorAssemblies (1ms)
				RefreshPlugins (1ms)
				BeforeProcessingInitializeOnLoad (113ms)
				ProcessInitializeOnLoadAttributes (279ms)
				ProcessInitializeOnLoadMethodAttributes (16ms)
				AfterProcessingInitializeOnLoad (7ms)
				EditorAssembliesLoaded (0ms)
			ExecutionOrderSort2 (0ms)
			AwakeInstancesAfterBackupRestoration (13ms)
Platform modules already initialized, skipping
Refreshing native plugins compatible for Editor in 1.00 ms, found 3 plugins.
Preloading 0 native plugins for Editor in 0.00 ms.
Unloading 2179 Unused Serialized files (Serialized files now loaded: 0)
System memory in use before: 96.1 MB.
System memory in use after: 96.2 MB.

Unloading 17 unused Assets to reduce memory usage. Loaded Objects now: 2645.
Total: 6.706000 ms (FindLiveObjects: 0.611800 ms CreateObjectMapping: 0.096800 ms MarkObjects: 5.966400 ms  DeleteObjects: 0.027600 ms)

AssetImportParameters requested are different than current active one (requested -> active):
  custom:framework-win-MediaFoundation: 216162199b28c13a410421893ffa2e32 -> 
  custom:video-decoder-ogg-theora: a1e56fd34408186e4bbccfd4996cb3dc -> 
  custom:container-muxer-webm: aa71ff27fc2769a1b78a27578f13a17b -> 
  custom:container-demuxer-webm: 4f35f7cbe854078d1ac9338744f61a02 -> 
  custom:container-demuxer-ogg: 62fdf1f143b41e24485cea50d1cbac27 -> 
  custom:video-encoder-webm-vp8: eb34c28f22e8b96e1ab97ce403110664 -> 
  custom:video-codec-MediaFoundation-h265: 746d11721c4dcdbdad8f713fa42b33f4 -> 
  custom:video-decoder-webm-vp8: 9c59270c3fd7afecdb556c50c9e8de78 -> 
  custom:audio-decoder-ogg-vorbis: bf7c407c2cedff20999df2af8eb42d56 -> 
  custom:audio-encoder-webm-vorbis: bf7c407c2cedff20999df2af8eb42d56 -> 
========================================================================
Received Import Request.
  Time since last request: 189.193932 seconds.
  path: Assets/Story/Speakers/Vasea.asset
  artifactKey: Guid(591ba6516e65b6c418841602a34b2897) Importer(815301076,1909f56bfc062723c751e8b465ee728b)
Start importing Assets/Story/Speakers/Vasea.asset using Guid(591ba6516e65b6c418841602a34b2897) Importer(815301076,1909f56bfc062723c751e8b465ee728b)  -> (artifact id: 'c46b109a847244074f0b05de8e799efe') in 0.011866 seconds 
  Import took 0.016523 seconds .

AssetImportWorkerClient::OnTransportError - code=2 error=End of file
